Determining if the pthread_create exist failed with the following output:
Change Dir: /home/csm/clickMox/catkin_ws/build/CMakeFiles/CMakeTmp

Run Build Command:"/usr/bin/make" "cmTC_456d2/fast"
/usr/bin/make -f CMakeFiles/cmTC_456d2.dir/build.make CMakeFiles/cmTC_456d2.dir/build
make[1]: Entering directory '/home/csm/clickMox/catkin_ws/build/CMakeFiles/CMakeTmp'
Building C object CMakeFiles/cmTC_456d2.dir/CheckSymbolExists.c.o
/usr/bin/cc    -o CMakeFiles/cmTC_456d2.dir/CheckSymbolExists.c.o   -c /home/csm/clickMox/catkin_ws/build/CMakeFiles/CMakeTmp/CheckSymbolExists.c
Linking C executable cmTC_456d2
/usr/bin/cmake -E cmake_link_script CMakeFiles/cmTC_456d2.dir/link.txt --verbose=1
/usr/bin/cc      -rdynamic CMakeFiles/cmTC_456d2.dir/CheckSymbolExists.c.o  -o cmTC_456d2 
CMakeFiles/cmTC_456d2.dir/CheckSymbolExists.c.o: In function `main':
CheckSymbolExists.c:(.text+0x14): undefined reference to `pthread_create'
CheckSymbolExists.c:(.text+0x18): undefined reference to `pthread_create'
collect2: error: ld returned 1 exit status
CMakeFiles/cmTC_456d2.dir/build.make:97: recipe for target 'cmTC_456d2' failed
make[1]: *** [cmTC_456d2] Error 1
make[1]: Leaving directory '/home/csm/clickMox/catkin_ws/build/CMakeFiles/CMakeTmp'
Makefile:126: recipe for target 'cmTC_456d2/fast' failed
make: *** [cmTC_456d2/fast] Error 2

File /home/csm/clickMox/catkin_ws/build/CMakeFiles/CMakeTmp/CheckSymbolExists.c:
/* */
#include <pthread.h>

int main(int argc, char** argv)
{
  (void)argv;
#ifndef pthread_create
  return ((int*)(&pthread_create))[argc];
#else
  (void)argc;
  return 0;
#endif
}

Determining if the function pthread_create exists in the pthreads failed with the following output:
Change Dir: /home/csm/clickMox/catkin_ws/build/CMakeFiles/CMakeTmp

Run Build Command:"/usr/bin/make" "cmTC_0a2fb/fast"
/usr/bin/make -f CMakeFiles/cmTC_0a2fb.dir/build.make CMakeFiles/cmTC_0a2fb.dir/build
make[1]: Entering directory '/home/csm/clickMox/catkin_ws/build/CMakeFiles/CMakeTmp'
Building C object CMakeFiles/cmTC_0a2fb.dir/CheckFunctionExists.c.o
/usr/bin/cc   -DCHECK_FUNCTION_EXISTS=pthread_create   -o CMakeFiles/cmTC_0a2fb.dir/CheckFunctionExists.c.o   -c /usr/share/cmake-3.10/Modules/CheckFunctionExists.c
Linking C executable cmTC_0a2fb
/usr/bin/cmake -E cmake_link_script CMakeFiles/cmTC_0a2fb.dir/link.txt --verbose=1
/usr/bin/cc  -DCHECK_FUNCTION_EXISTS=pthread_create    -rdynamic CMakeFiles/cmTC_0a2fb.dir/CheckFunctionExists.c.o  -o cmTC_0a2fb -lpthreads 
/usr/bin/ld: cannot find -lpthreads
collect2: error: ld returned 1 exit status
CMakeFiles/cmTC_0a2fb.dir/build.make:97: recipe for target 'cmTC_0a2fb' failed
make[1]: *** [cmTC_0a2fb] Error 1
make[1]: Leaving directory '/home/csm/clickMox/catkin_ws/build/CMakeFiles/CMakeTmp'
Makefile:126: recipe for target 'cmTC_0a2fb/fast' failed
make: *** [cmTC_0a2fb/fast] Error 2


